[20:46:55.897][info] [#0:/home/turip/.local/share/nvim/mason/packages/lua-language-server/libexec/main.lua:71]: Lua Lsp startup, root: 	/home/turip/.local/share/nvim/mason/packages/lua-language-server/libexec
[20:46:55.898][info] [#0:/home/turip/.local/share/nvim/mason/packages/lua-language-server/libexec/main.lua:72]: ROOT:	/home/turip/.local/share/nvim/mason/packages/lua-language-server/libexec
[20:46:55.898][info] [#0:/home/turip/.local/share/nvim/mason/packages/lua-language-server/libexec/main.lua:73]: LOGPATH:	/home/turip/.local/share/nvim/mason/packages/lua-language-server/libexec/log
[20:46:55.898][info] [#0:/home/turip/.local/share/nvim/mason/packages/lua-language-server/libexec/main.lua:74]: METAPATH:	/home/turip/.local/share/nvim/mason/packages/lua-language-server/libexec/meta
[20:46:55.899][info] [#0:/home/turip/.local/share/nvim/mason/packages/lua-language-server/libexec/main.lua:75]: VERSION:	3.17.1
[20:46:56.008][info] [#0:script/proto/proto.lua:260]: Listen Mode: stdio
[20:46:56.008][info] [#0:script/service/service.lua:145]: 
========= Medical Examination Report =========
    --------------- Memory ---------------
        Total: 1.915 MB
        # 00 : 1.915 MB
        # 01 : 0.000 MB
        # 02 : 0.000 MB
        # 03 : 0.000 MB
        # 04 : 0.000 MB
    --------------- Coroutine ---------------
        Total:     0
        Running:   0
        Suspended: 0
        Normal:    0
        Dead:      0
    --------------- Cache ---------------
        Total: 1
        Dead:  0
    ---------------  RPC  ---------------
        Holdon:   0
        Waiting:  0
==============================================
[20:46:56.025][info] [#0:script/client.lua:657]: Client init	{
  capabilities = {
    general = {
      positionEncodings = { "utf-8", "utf-16", "utf-32" }
    },
    textDocument = {
      callHierarchy = {
        dynamicRegistration = false
      },
      codeAction = {
        codeActionLiteralSupport = {
          codeActionKind = {
            valueSet = { "", "quickfix", "refactor", "refactor.extract", "refactor.inline", "refactor.rewrite", "source", "source.organizeImports" }
          }
        },
        dataSupport = true,
        dynamicRegistration = true,
        isPreferredSupport = true,
        resolveSupport = {
          properties = { "edit", "command" }
        }
      },
      codeLens = {
        dynamicRegistration = false,
        resolveSupport = {
          properties = { "command" }
        }
      },
      completion = {
        completionItem = {
          commitCharactersSupport = false,
          deprecatedSupport = true,
          documentationFormat = { "markdown", "plaintext" },
          preselectSupport = false,
          resolveSupport = {
            properties = { "additionalTextEdits", "command" }
          },
          snippetSupport = true,
          tagSupport = {
            valueSet = { 1 }
          }
        },
        completionItemKind = {
          valueSet = { 1, 2, 3, 4, 5, 6, 7, 8, 9, 10, 11, 12, 13, 14, 15, 16, 17, 18, 19, 20, 21, 22, 23, 24, 25 }
        },
        completionList = {
          itemDefaults = { "editRange", "insertTextFormat", "insertTextMode", "data" }
        },
        contextSupport = true,
        dynamicRegistration = false
      },
      declaration = {
        linkSupport = true
      },
      definition = {
        dynamicRegistration = true,
        linkSupport = true
      },
      diagnostic = {
        dynamicRegistration = false,
        tagSupport = {
          valueSet = { 1, 2 }
        }
      },
      documentHighlight = {
        dynamicRegistration = false
      },
      documentSymbol = {
        dynamicRegistration = false,
        hierarchicalDocumentSymbolSupport = true,
        symbolKind = {
          valueSet = { 1, 2, 3, 4, 5, 6, 7, 8, 9, 10, 11, 12, 13, 14, 15, 16, 17, 18, 19, 20, 21, 22, 23, 24, 25, 26 }
        }
      },
      foldingRange = {
        dynamicRegistration = false,
        foldingRange = {
          collapsedText = true
        },
        foldingRangeKind = {
          valueSet = { "comment", "imports", "region" }
        },
        lineFoldingOnly = true
      },
      formatting = {
        dynamicRegistration = true
      },
      hover = {
        contentFormat = { "markdown", "plaintext" },
        dynamicRegistration = true
      },
      implementation = {
        linkSupport = true
      },
      inlayHint = {
        dynamicRegistration = true,
        resolveSupport = {
          properties = { "textEdits", "tooltip", "location", "command" }
        }
      },
      publishDiagnostics = {
        dataSupport = true,
        relatedInformation = true,
        tagSupport = {
          valueSet = { 1, 2 }
        }
      },
      rangeFormatting = {
        dynamicRegistration = true,
        rangesSupport = true
      },
      references = {
        dynamicRegistration = false
      },
      rename = {
        dynamicRegistration = true,
        prepareSupport = true
      },
      semanticTokens = {
        augmentsSyntaxTokens = true,
        dynamicRegistration = false,
        formats = { "relative" },
        multilineTokenSupport = false,
        overlappingTokenSupport = true,
        requests = {
          full = {
            delta = true
          },
          range = false
        },
        serverCancelSupport = false,
        tokenModifiers = { "declaration", "definition", "readonly", "static", "deprecated", "abstract", "async", "modification", "documentation", "defaultLibrary" },
        tokenTypes = { "namespace", "type", "class", "enum", "interface", "struct", "typeParameter", "parameter", "variable", "property", "enumMember", "event", "function", "method", "macro", "keyword", "modifier", "comment", "string", "number", "regexp", "operator", "decorator" }
      },
      signatureHelp = {
        dynamicRegistration = false,
        signatureInformation = {
          activeParameterSupport = true,
          documentationFormat = { "markdown", "plaintext" },
          parameterInformation = {
            labelOffsetSupport = true
          }
        }
      },
      synchronization = {
        didSave = true,
        dynamicRegistration = false,
        willSave = true,
        willSaveWaitUntil = true
      },
      typeDefinition = {
        linkSupport = true
      }
    },
    window = {
      showDocument = {
        support = true
      },
      showMessage = {
        messageActionItem = {
          additionalPropertiesSupport = true
        }
      },
      workDoneProgress = true
    },
    workspace = {
      applyEdit = true,
      configuration = true,
      didChangeConfiguration = {
        dynamicRegistration = false
      },
      didChangeWatchedFiles = {
        dynamicRegistration = false,
        relativePatternSupport = true
      },
      fileOperations = {
        didRename = true,
        willRename = true
      },
      inlayHint = {
        refreshSupport = true
      },
      semanticTokens = {
        refreshSupport = true
      },
      symbol = {
        dynamicRegistration = false,
        symbolKind = {
          valueSet = { 1, 2, 3, 4, 5, 6, 7, 8, 9, 10, 11, 12, 13, 14, 15, 16, 17, 18, 19, 20, 21, 22, 23, 24, 25, 26 }
        }
      },
      workspaceEdit = {
        resourceOperations = { "rename", "create", "delete" }
      },
      workspaceFolders = true
    }
  },
  clientInfo = {
    name = "Neovim",
    version = "0.11.6+v0.11.6"
  },
  processId = 48591,
  rootPath = "/home/turip/dotfiles",
  rootUri = "file:///home/turip/dotfiles",
  trace = "off",
  workDoneToken = "1",
  workspaceFolders = { {
      name = "/home/turip/dotfiles",
      uri = "file:///home/turip/dotfiles"
    } }
}
[20:46:56.025][info] [#0:script/language.lua:137]: VSC language: nil
[20:46:56.025][info] [#0:script/language.lua:138]: LS  language: en-us
[20:46:56.025][info] [#0:script/workspace/workspace.lua:38]: Workspace init root: 	file:///home/turip/dotfiles
[20:46:56.025][info] [#0:script/workspace/workspace.lua:42]: Log path: 	/home/turip/.local/share/nvim/mason/packages/lua-language-server/libexec/log/file_home_turip_dotfiles.log
[20:46:56.026][info] [#0:script/workspace/workspace.lua:48]: Workspace create: 	file:///home/turip/dotfiles
[20:46:56.074][info] [#0:script/provider/provider.lua:49]: Load config from client	file:///home/turip/dotfiles
[20:46:56.074][info] [#0:script/provider/provider.lua:50]: {
  Lua = {
    codeLens = {
      enable = true
    },
    completion = {
      callSnippet = "Replace"
    },
    doc = {
      privateName = { "^_" }
    },
    hint = {
      arrayIndex = "Disable",
      enable = true,
      paramName = "Disable",
      paramType = true,
      semicolon = "Disable",
      setType = false
    },
    workspace = {
      checkThirdParty = false
    }
  }
}
[20:46:56.074][info] [#0:script/provider/provider.lua:49]: Load config from client	file:///home/turip/dotfiles
[20:46:56.074][info] [#0:script/provider/provider.lua:50]: {
  Lua = {
    codeLens = {
      enable = true
    },
    completion = {
      callSnippet = "Replace"
    },
    doc = {
      privateName = { "^_" }
    },
    hint = {
      arrayIndex = "Disable",
      enable = true,
      paramName = "Disable",
      paramType = true,
      semicolon = "Disable",
      setType = false
    },
    workspace = {
      checkThirdParty = false
    }
  }
}
[20:46:56.086][info] [#0:script/provider/provider.lua:65]: Load config from client	fallback
[20:46:56.086][info] [#0:script/provider/provider.lua:66]: {
  Lua = {
    codeLens = {
      enable = true
    },
    completion = {
      callSnippet = "Replace"
    },
    doc = {
      privateName = { "^_" }
    },
    hint = {
      arrayIndex = "Disable",
      enable = true,
      paramName = "Disable",
      paramType = true,
      semicolon = "Disable",
      setType = false
    },
    workspace = {
      checkThirdParty = false
    }
  }
}
[20:46:56.086][info] [#0:script/provider/provider.lua:65]: Load config from client	fallback
[20:46:56.087][info] [#0:script/provider/provider.lua:66]: {
  Lua = {
    codeLens = {
      enable = true
    },
    completion = {
      callSnippet = "Replace"
    },
    doc = {
      privateName = { "^_" }
    },
    hint = {
      arrayIndex = "Disable",
      enable = true,
      paramName = "Disable",
      paramType = true,
      semicolon = "Disable",
      setType = false
    },
    workspace = {
      checkThirdParty = false
    }
  }
}
[20:46:56.262][info] [#0:script/library.lua:216]: Init builtin library at:	file:///home/turip/dotfiles
[20:46:56.295][info] [#0:script/library.lua:216]: Init builtin library at:	nil
[20:46:56.418][info] [#0:script/workspace/workspace.lua:332]: Preload start:	file:///home/turip/dotfiles
[20:46:56.428][info] [#0:script/workspace/workspace.lua:338]: Scan files at:	file:///home/turip/dotfiles
[20:46:56.468][info] [#0:script/workspace/workspace.lua:332]: Preload start:	<fallback>
[20:46:56.475][info] [#0:script/workspace/workspace.lua:361]: Scan library at:	file:///home/turip/.local/share/nvim/mason/packages/lua-language-server/libexec/meta/Lua%205.4%20en-us%20utf8/coroutine.lua
[20:46:56.475][info] [#0:script/provider/provider.lua:49]: Load config from client	file:///home/turip/dotfiles
[20:46:56.476][info] [#0:script/provider/provider.lua:50]: {
  Lua = {
    codeLens = {
      enable = true
    },
    completion = {
      callSnippet = "Replace"
    },
    doc = {
      privateName = { "^_" }
    },
    hint = {
      arrayIndex = "Disable",
      enable = true,
      paramName = "Disable",
      paramType = true,
      semicolon = "Disable",
      setType = false
    },
    runtime = {
      path = { "?.lua", "?/init.lua" },
      pathStrict = true,
      version = "LuaJIT"
    },
    workspace = {
      checkThirdParty = false,
      ignoreDir = { "/lua" },
      library = { "/usr/share/nvim/runtime/lua" }
    }
  }
}
[20:46:56.477][info] [#0:script/workspace/workspace.lua:361]: Scan library at:	file:///home/turip/.local/share/nvim/mason/packages/lua-language-server/libexec/meta/Lua%205.4%20en-us%20utf8/table.lua
[20:46:56.478][warn] [#0:script/config/loader.lua:116]: No config?	{}
[20:46:56.478][info] [#0:script/provider/provider.lua:65]: Load config from client	fallback
[20:46:56.478][info] [#0:script/provider/provider.lua:66]: nil
[20:46:56.579][info] [#0:script/library.lua:216]: Init builtin library at:	nil
[20:46:56.622][info] [#0:script/workspace/workspace.lua:361]: Scan library at:	file:///home/turip/.local/share/nvim/mason/packages/lua-language-server/libexec/meta/Lua%205.4%20en-us%20utf8/coroutine.lua
[20:46:56.622][info] [#0:script/workspace/workspace.lua:361]: Scan library at:	file:///home/turip/.local/share/nvim/mason/packages/lua-language-server/libexec/meta/Lua%205.4%20en-us%20utf8/table.lua
[20:46:56.622][info] [#0:script/workspace/workspace.lua:361]: Scan library at:	file:///home/turip/.local/share/nvim/mason/packages/lua-language-server/libexec/meta/Lua%205.4%20en-us%20utf8/package.lua
[20:46:56.622][info] [#0:script/workspace/workspace.lua:361]: Scan library at:	file:///home/turip/.local/share/nvim/mason/packages/lua-language-server/libexec/meta/Lua%205.4%20en-us%20utf8/basic.lua
[20:46:56.623][info] [#0:script/workspace/workspace.lua:361]: Scan library at:	file:///home/turip/.local/share/nvim/mason/packages/lua-language-server/libexec/meta/Lua%205.4%20en-us%20utf8/string.lua
[20:46:56.623][info] [#0:script/workspace/workspace.lua:361]: Scan library at:	file:///home/turip/.local/share/nvim/mason/packages/lua-language-server/libexec/meta/Lua%205.4%20en-us%20utf8/math.lua
[20:46:56.623][info] [#0:script/workspace/workspace.lua:361]: Scan library at:	file:///home/turip/.local/share/nvim/mason/packages/lua-language-server/libexec/meta/Lua%205.4%20en-us%20utf8/debug.lua
[20:46:56.623][info] [#0:script/workspace/workspace.lua:361]: Scan library at:	file:///home/turip/.local/share/nvim/mason/packages/lua-language-server/libexec/meta/Lua%205.4%20en-us%20utf8/os.lua
[20:46:56.623][info] [#0:script/workspace/workspace.lua:361]: Scan library at:	file:///home/turip/.local/share/nvim/mason/packages/lua-language-server/libexec/meta/Lua%205.4%20en-us%20utf8/builtin.lua
[20:46:56.623][info] [#0:script/workspace/workspace.lua:361]: Scan library at:	file:///home/turip/.local/share/nvim/mason/packages/lua-language-server/libexec/meta/Lua%205.4%20en-us%20utf8/io.lua
[20:46:56.623][info] [#0:script/workspace/workspace.lua:361]: Scan library at:	file:///home/turip/.local/share/nvim/mason/packages/lua-language-server/libexec/meta/Lua%205.4%20en-us%20utf8/utf8.lua
[20:46:56.777][info] [#0:script/workspace/workspace.lua:332]: Preload start:	<fallback>
[20:46:56.787][info] [#0:script/workspace/workspace.lua:361]: Scan library at:	file:///home/turip/.local/share/nvim/mason/packages/lua-language-server/libexec/meta/Lua%205.4%20en-us%20utf8/coroutine.lua
[20:46:56.788][info] [#0:script/workspace/workspace.lua:387]: Found 35 files at:	file:///home/turip/dotfiles
[20:46:56.788][info] [#0:script/workspace/loading.lua:160]: Load files from disk:	file:///home/turip/dotfiles
[20:46:56.788][info] [#0:script/workspace/workspace.lua:361]: Scan library at:	file:///home/turip/.local/share/nvim/mason/packages/lua-language-server/libexec/meta/Lua%205.4%20en-us%20utf8/table.lua
[20:46:56.789][info] [#0:script/workspace/workspace.lua:361]: Scan library at:	file:///home/turip/.local/share/nvim/mason/packages/lua-language-server/libexec/meta/Lua%205.4%20en-us%20utf8/package.lua
[20:46:56.790][info] [#0:script/workspace/workspace.lua:361]: Scan library at:	file:///home/turip/.local/share/nvim/mason/packages/lua-language-server/libexec/meta/Lua%205.4%20en-us%20utf8/basic.lua
[20:46:56.790][info] [#0:script/workspace/workspace.lua:361]: Scan library at:	file:///home/turip/.local/share/nvim/mason/packages/lua-language-server/libexec/meta/Lua%205.4%20en-us%20utf8/string.lua
[20:46:56.791][info] [#0:script/workspace/workspace.lua:361]: Scan library at:	file:///home/turip/.local/share/nvim/mason/packages/lua-language-server/libexec/meta/Lua%205.4%20en-us%20utf8/math.lua
[20:46:56.791][info] [#0:script/workspace/workspace.lua:361]: Scan library at:	file:///home/turip/.local/share/nvim/mason/packages/lua-language-server/libexec/meta/Lua%205.4%20en-us%20utf8/debug.lua
[20:46:56.792][info] [#0:script/workspace/workspace.lua:361]: Scan library at:	file:///home/turip/.local/share/nvim/mason/packages/lua-language-server/libexec/meta/Lua%205.4%20en-us%20utf8/os.lua
[20:46:56.793][info] [#0:script/workspace/workspace.lua:361]: Scan library at:	file:///home/turip/.local/share/nvim/mason/packages/lua-language-server/libexec/meta/Lua%205.4%20en-us%20utf8/builtin.lua
[20:46:56.803][info] [#0:script/workspace/loading.lua:100]: Preload file at: file:///home/turip/.local/share/nvim/mason/packages/lua-language-server/libexec/meta/Lua%205.4%20en-us%20utf8/utf8.lua , size = 2.387 KB
[20:46:56.812][info] [#0:script/workspace/loading.lua:112]: ++++As library of:	file:///home/turip/.local/share/nvim/mason/packages/lua-language-server/libexec/meta/Lua%205.4%20en-us%20utf8/utf8.lua
[20:46:56.812][info] [#0:script/workspace/loading.lua:100]: Preload file at: file:///home/turip/.local/share/nvim/mason/packages/lua-language-server/libexec/meta/Lua%205.4%20en-us%20utf8/io.lua , size = 6.364 KB
[20:46:56.832][info] [#0:script/workspace/loading.lua:112]: ++++As library of:	file:///home/turip/.local/share/nvim/mason/packages/lua-language-server/libexec/meta/Lua%205.4%20en-us%20utf8/io.lua
[20:46:56.832][info] [#0:script/workspace/loading.lua:100]: Preload file at: file:///home/turip/.local/share/nvim/mason/packages/lua-language-server/libexec/meta/Lua%205.4%20en-us%20utf8/builtin.lua , size = 0.302 KB
[20:46:56.837][info] [#0:script/workspace/loading.lua:112]: ++++As library of:	file:///home/turip/.local/share/nvim/mason/packages/lua-language-server/libexec/meta/Lua%205.4%20en-us%20utf8/builtin.lua
[20:46:56.837][info] [#0:script/workspace/loading.lua:100]: Preload file at: file:///home/turip/.local/share/nvim/mason/packages/lua-language-server/libexec/meta/Lua%205.4%20en-us%20utf8/os.lua , size = 5.611 KB
[20:46:56.852][info] [#0:script/workspace/loading.lua:112]: ++++As library of:	file:///home/turip/.local/share/nvim/mason/packages/lua-language-server/libexec/meta/Lua%205.4%20en-us%20utf8/os.lua
[20:46:56.852][info] [#0:script/workspace/loading.lua:100]: Preload file at: file:///home/turip/.local/share/nvim/mason/packages/lua-language-server/libexec/meta/Lua%205.4%20en-us%20utf8/debug.lua , size = 7.637 KB
[20:46:56.874][info] [#0:script/workspace/loading.lua:112]: ++++As library of:	file:///home/turip/.local/share/nvim/mason/packages/lua-language-server/libexec/meta/Lua%205.4%20en-us%20utf8/debug.lua
[20:46:56.875][info] [#0:script/workspace/loading.lua:100]: Preload file at: file:///home/turip/.local/share/nvim/mason/packages/lua-language-server/libexec/meta/Lua%205.4%20en-us%20utf8/math.lua , size = 8.595 KB
[20:46:56.901][info] [#0:script/workspace/loading.lua:112]: ++++As library of:	file:///home/turip/.local/share/nvim/mason/packages/lua-language-server/libexec/meta/Lua%205.4%20en-us%20utf8/math.lua
[20:46:56.902][info] [#0:script/workspace/loading.lua:100]: Preload file at: file:///home/turip/.local/share/nvim/mason/packages/lua-language-server/libexec/meta/Lua%205.4%20en-us%20utf8/string.lua , size = 6.389 KB
[20:46:56.912][info] [#0:script/workspace/loading.lua:112]: ++++As library of:	file:///home/turip/.local/share/nvim/mason/packages/lua-language-server/libexec/meta/Lua%205.4%20en-us%20utf8/string.lua
[20:46:56.913][info] [#0:script/workspace/loading.lua:100]: Preload file at: file:///home/turip/.local/share/nvim/mason/packages/lua-language-server/libexec/meta/Lua%205.4%20en-us%20utf8/basic.lua , size = 17.330 KB
[20:46:56.933][info] [#0:script/workspace/loading.lua:112]: ++++As library of:	file:///home/turip/.local/share/nvim/mason/packages/lua-language-server/libexec/meta/Lua%205.4%20en-us%20utf8/basic.lua
[20:46:56.933][info] [#0:script/workspace/loading.lua:100]: Preload file at: file:///home/turip/.local/share/nvim/mason/packages/lua-language-server/libexec/meta/Lua%205.4%20en-us%20utf8/package.lua , size = 2.944 KB
[20:46:56.936][info] [#0:script/workspace/loading.lua:112]: ++++As library of:	file:///home/turip/.local/share/nvim/mason/packages/lua-language-server/libexec/meta/Lua%205.4%20en-us%20utf8/package.lua
[20:46:56.936][info] [#0:script/workspace/workspace.lua:361]: Scan library at:	file:///home/turip/.local/share/nvim/mason/packages/lua-language-server/libexec/meta/Lua%205.4%20en-us%20utf8/io.lua
[20:46:56.937][info] [#0:script/workspace/loading.lua:100]: Preload file at: file:///home/turip/.local/share/nvim/mason/packages/lua-language-server/libexec/meta/Lua%205.4%20en-us%20utf8/table.lua , size = 5.020 KB
[20:46:56.948][info] [#0:script/workspace/loading.lua:112]: ++++As library of:	file:///home/turip/.local/share/nvim/mason/packages/lua-language-server/libexec/meta/Lua%205.4%20en-us%20utf8/table.lua
[20:46:56.948][info] [#0:script/workspace/workspace.lua:361]: Scan library at:	file:///home/turip/.local/share/nvim/mason/packages/lua-language-server/libexec/meta/Lua%205.4%20en-us%20utf8/utf8.lua
[20:46:56.949][info] [#0:script/workspace/loading.lua:100]: Preload file at: file:///home/turip/.local/share/nvim/mason/packages/lua-language-server/libexec/meta/Lua%205.4%20en-us%20utf8/coroutine.lua , size = 2.590 KB
[20:46:56.954][info] [#0:script/workspace/loading.lua:112]: ++++As library of:	file:///home/turip/.local/share/nvim/mason/packages/lua-language-server/libexec/meta/Lua%205.4%20en-us%20utf8/coroutine.lua
[20:46:56.954][info] [#0:script/workspace/loading.lua:100]: Preload file at: file:///home/turip/dotfiles/.config/nvim/lua/config/keymaps.lua , size = 0.204 KB
[20:46:56.955][info] [#0:script/workspace/loading.lua:100]: Preload file at: file:///home/turip/dotfiles/.config/nvim/lua/config/autocmds.lua , size = 0.414 KB
[20:46:56.957][info] [#0:script/workspace/loading.lua:100]: Preload file at: file:///home/turip/dotfiles/.config/nvim/lua/config/options.lua , size = 0.207 KB
[20:46:56.960][info] [#0:script/workspace/loading.lua:100]: Preload file at: file:///home/turip/dotfiles/.config/nvim/lua/config/lazy.lua , size = 1.812 KB
[20:46:56.964][info] [#0:script/workspace/loading.lua:100]: Preload file at: file:///home/turip/dotfiles/.config/nvim/init.lua , size = 0.072 KB
[20:46:56.965][info] [#0:script/workspace/loading.lua:100]: Preload file at: file:///home/turip/dotfiles/.config/yazi/plugins/mount.yazi/cross.lua , size = 2.008 KB
[20:46:56.970][info] [#0:script/workspace/loading.lua:100]: Preload file at: file:///home/turip/dotfiles/.config/yazi/plugins/mount.yazi/main.lua , size = 5.814 KB
[20:46:56.982][info] [#0:script/workspace/loading.lua:100]: Preload file at: file:///home/turip/dotfiles/.config/nvim/lua/plugins/example.lua , size = 5.171 KB
[20:46:56.988][info] [#0:script/workspace/loading.lua:100]: Preload file at: file:///home/turip/dotfiles/.config/yazi/plugins/mount.yazi/sudo.lua , size = 1.257 KB
[20:46:56.991][info] [#0:script/workspace/loading.lua:100]: Preload file at: file:///home/turip/dotfiles/.config/yazi/plugins/audio-preview.yazi/main.lua , size = 1.380 KB
[20:46:56.994][info] [#0:script/workspace/loading.lua:100]: Preload file at: file:///home/turip/dotfiles/.config/yazi/plugins/exifaudio.yazi/main.lua , size = 5.597 KB
[20:46:57.003][info] [#0:script/workspace/loading.lua:100]: Preload file at: file:///home/turip/dotfiles/.config/yazi/plugins/office.yazi/main.lua , size = 3.450 KB
[20:46:57.009][info] [#0:script/workspace/loading.lua:100]: Preload file at: file:///home/turip/dotfiles/.config/yazi/plugins/preview-git.yazi/main.lua , size = 0.778 KB
[20:46:57.016][info] [#0:script/workspace/loading.lua:100]: Preload file at: file:///home/turip/dotfiles/.config/yazi/plugins/torrent-preview.yazi/init.lua , size = 0.881 KB
[20:46:57.018][info] [#0:script/workspace/loading.lua:100]: Preload file at: file:///home/turip/dotfiles/.config/yazi/plugins/torrent-preview.yazi/main.lua , size = 0.881 KB
[20:46:57.020][info] [#0:script/workspace/loading.lua:100]: Preload file at: file:///home/turip/dotfiles/.config/yazi/plugins/zoom.yazi/main.lua , size = 2.918 KB
[20:46:57.034][info] [#0:script/workspace/loading.lua:100]: Preload file at: file:///home/turip/dotfiles/.config/yazi/plugins/chmod.yazi/main.lua , size = 1.062 KB
[20:46:57.038][info] [#0:script/workspace/loading.lua:100]: Preload file at: file:///home/turip/dotfiles/.config/yazi/plugins/archive.yazi/main.lua , size = 15.186 KB
[20:46:57.075][info] [#0:script/workspace/loading.lua:100]: Preload file at: file:///home/turip/dotfiles/.config/yazi/plugins/what-size.yazi/main.lua , size = 7.575 KB
[20:46:57.083][info] [#0:script/workspace/loading.lua:100]: Preload file at: file:///home/turip/dotfiles/.config/yazi/plugins/close-and-restore-tab.yazi/main.lua , size = 2.060 KB
[20:46:57.089][info] [#0:script/workspace/loading.lua:100]: Preload file at: file:///home/turip/dotfiles/.config/yazi/plugins/copy-file-contents.yazi/main.lua , size = 1.538 KB
[20:46:57.091][info] [#0:script/workspace/loading.lua:100]: Preload file at: file:///home/turip/dotfiles/.config/yazi/plugins/open-with-cmd.yazi/main.lua , size = 0.411 KB
[20:46:57.093][info] [#0:script/workspace/loading.lua:100]: Preload file at: file:///home/turip/dotfiles/.config/yazi/plugins/mediainfo.yazi/main.lua , size = 13.793 KB
[20:46:57.113][info] [#0:script/workspace/loading.lua:100]: Preload file at: file:///home/turip/dotfiles/.config/yazi/init.lua , size = 0.082 KB
[20:46:57.114][info] [#0:script/workspace/workspace.lua:387]: Found 11 files at:	<fallback>
[20:46:57.114][info] [#0:script/workspace/loading.lua:160]: Load files from disk:	<fallback>
[20:46:57.114][info] [#0:script/workspace/loading.lua:88]: Skip loaded file: file:///home/turip/.local/share/nvim/mason/packages/lua-language-server/libexec/meta/Lua%205.4%20en-us%20utf8/utf8.lua
[20:46:57.114][info] [#0:script/workspace/loading.lua:112]: ++++As library of:	file:///home/turip/.local/share/nvim/mason/packages/lua-language-server/libexec/meta/Lua%205.4%20en-us%20utf8/utf8.lua
[20:46:57.114][info] [#0:script/workspace/loading.lua:172]: Loaded files takes [0.342] sec: file:///home/turip/dotfiles
[20:46:57.114][info] [#0:script/workspace/loading.lua:181]: Compile files takes [0.000] sec: file:///home/turip/dotfiles
[20:46:57.114][info] [#0:script/workspace/loading.lua:182]: Loaded finish:	file:///home/turip/dotfiles
[20:46:57.114][info] [#0:script/workspace/workspace.lua:389]: Preload finish at:	file:///home/turip/dotfiles
[20:46:57.123][info] [#0:script/workspace/loading.lua:88]: Skip loaded file: file:///home/turip/.local/share/nvim/mason/packages/lua-language-server/libexec/meta/Lua%205.4%20en-us%20utf8/io.lua
[20:46:57.123][info] [#0:script/workspace/loading.lua:112]: ++++As library of:	file:///home/turip/.local/share/nvim/mason/packages/lua-language-server/libexec/meta/Lua%205.4%20en-us%20utf8/io.lua
[20:46:57.125][warn] [#0:script/proto/proto.lua:189]: Method [textDocument/didOpen] takes [0.763]sec. {
  jsonrpc = "2.0",
  method = "textDocument/didOpen",
  params = {
    textDocument = {
      languageId = "lua",
      text = '"***"',
      uri = "file:///home/turip/dotfiles/init.lua",
      version = 0
    }
  }
}
[20:46:57.128][warn] [#0:script/proto/proto.lua:189]: Method [textDocument/foldingRange] takes [0.737]sec. {
  id = 5,
  jsonrpc = "2.0",
  method = "textDocument/foldingRange",
  params = {
    textDocument = {
      uri = "file:///home/turip/dotfiles/init.lua"
    }
  }
}
[20:46:57.128][warn] [#0:script/proto/proto.lua:189]: Method [textDocument/inlayHint] takes [0.734]sec. {
  id = 7,
  jsonrpc = "2.0",
  method = "textDocument/inlayHint",
  params = {
    range = {
      end = {
        character = 0,
        line = 1
      },
      start = {
        character = 0,
        line = 0
      }
    },
    textDocument = {
      uri = "file:///home/turip/dotfiles/init.lua"
    }
  }
}
[20:46:57.129][warn] [#0:script/proto/proto.lua:189]: Method [textDocument/inlayHint] takes [0.734]sec. {
  id = 9,
  jsonrpc = "2.0",
  method = "textDocument/inlayHint",
  params = {
    range = {
      end = {
        character = 0,
        line = 1
      },
      start = {
        character = 0,
        line = 0
      }
    },
    textDocument = {
      uri = "file:///home/turip/dotfiles/init.lua"
    }
  }
}
[20:46:57.129][warn] [#0:script/proto/proto.lua:189]: Method [textDocument/inlayHint] takes [0.559]sec. {
  id = 11,
  jsonrpc = "2.0",
  method = "textDocument/inlayHint",
  params = {
    range = {
      end = {
        character = 0,
        line = 1
      },
      start = {
        character = 0,
        line = 0
      }
    },
    textDocument = {
      uri = "file:///home/turip/dotfiles/init.lua"
    }
  }
}
[20:46:57.129][warn] [#0:script/proto/proto.lua:189]: Method [textDocument/inlayHint] takes [0.559]sec. {
  id = 12,
  jsonrpc = "2.0",
  method = "textDocument/inlayHint",
  params = {
    range = {
      end = {
        character = 0,
        line = 1
      },
      start = {
        character = 0,
        line = 0
      }
    },
    textDocument = {
      uri = "file:///home/turip/dotfiles/init.lua"
    }
  }
}
[20:46:57.129][warn] [#0:script/proto/proto.lua:189]: Method [textDocument/inlayHint] takes [0.558]sec. {
  id = 13,
  jsonrpc = "2.0",
  method = "textDocument/inlayHint",
  params = {
    range = {
      end = {
        character = 0,
        line = 1
      },
      start = {
        character = 0,
        line = 0
      }
    },
    textDocument = {
      uri = "file:///home/turip/dotfiles/init.lua"
    }
  }
}
[20:46:57.129][warn] [#0:script/proto/proto.lua:189]: Method [textDocument/inlayHint] takes [0.559]sec. {
  id = 14,
  jsonrpc = "2.0",
  method = "textDocument/inlayHint",
  params = {
    range = {
      end = {
        character = 0,
        line = 1
      },
      start = {
        character = 0,
        line = 0
      }
    },
    textDocument = {
      uri = "file:///home/turip/dotfiles/init.lua"
    }
  }
}
[20:46:57.130][warn] [#0:script/proto/proto.lua:189]: Method [textDocument/inlayHint] takes [0.557]sec. {
  id = 15,
  jsonrpc = "2.0",
  method = "textDocument/inlayHint",
  params = {
    range = {
      end = {
        character = 0,
        line = 1
      },
      start = {
        character = 0,
        line = 0
      }
    },
    textDocument = {
      uri = "file:///home/turip/dotfiles/init.lua"
    }
  }
}
[20:46:57.130][warn] [#0:script/proto/proto.lua:189]: Method [textDocument/inlayHint] takes [0.553]sec. {
  id = 16,
  jsonrpc = "2.0",
  method = "textDocument/inlayHint",
  params = {
    range = {
      end = {
        character = 0,
        line = 1
      },
      start = {
        character = 0,
        line = 0
      }
    },
    textDocument = {
      uri = "file:///home/turip/dotfiles/init.lua"
    }
  }
}
[20:46:57.130][warn] [#0:script/proto/proto.lua:189]: Method [textDocument/inlayHint] takes [0.553]sec. {
  id = 17,
  jsonrpc = "2.0",
  method = "textDocument/inlayHint",
  params = {
    range = {
      end = {
        character = 0,
        line = 1
      },
      start = {
        character = 0,
        line = 0
      }
    },
    textDocument = {
      uri = "file:///home/turip/dotfiles/init.lua"
    }
  }
}
[20:46:57.130][warn] [#0:script/proto/proto.lua:189]: Method [textDocument/inlayHint] takes [0.549]sec. {
  id = 19,
  jsonrpc = "2.0",
  method = "textDocument/inlayHint",
  params = {
    range = {
      end = {
        character = 0,
        line = 1
      },
      start = {
        character = 0,
        line = 0
      }
    },
    textDocument = {
      uri = "file:///home/turip/dotfiles/init.lua"
    }
  }
}
[20:46:57.130][warn] [#0:script/proto/proto.lua:189]: Method [textDocument/inlayHint] takes [0.548]sec. {
  id = 21,
  jsonrpc = "2.0",
  method = "textDocument/inlayHint",
  params = {
    range = {
      end = {
        character = 0,
        line = 1
      },
      start = {
        character = 0,
        line = 0
      }
    },
    textDocument = {
      uri = "file:///home/turip/dotfiles/init.lua"
    }
  }
}
[20:46:57.130][info] [#0:script/workspace/loading.lua:88]: Skip loaded file: file:///home/turip/.local/share/nvim/mason/packages/lua-language-server/libexec/meta/Lua%205.4%20en-us%20utf8/builtin.lua
[20:46:57.130][info] [#0:script/workspace/loading.lua:112]: ++++As library of:	file:///home/turip/.local/share/nvim/mason/packages/lua-language-server/libexec/meta/Lua%205.4%20en-us%20utf8/builtin.lua
[20:46:57.130][warn] [#0:script/proto/proto.lua:189]: Method [textDocument/semanticTokens/full] takes [0.549]sec. {
  id = 20,
  jsonrpc = "2.0",
  method = "textDocument/semanticTokens/full",
  params = {
    textDocument = {
      uri = "file:///home/turip/dotfiles/init.lua"
    }
  }
}
[20:46:57.131][info] [#0:script/workspace/loading.lua:88]: Skip loaded file: file:///home/turip/.local/share/nvim/mason/packages/lua-language-server/libexec/meta/Lua%205.4%20en-us%20utf8/os.lua
[20:46:57.131][info] [#0:script/workspace/loading.lua:112]: ++++As library of:	file:///home/turip/.local/share/nvim/mason/packages/lua-language-server/libexec/meta/Lua%205.4%20en-us%20utf8/os.lua
[20:46:57.131][warn] [#0:script/proto/proto.lua:189]: Method [textDocument/documentSymbol] takes [0.755]sec. {
  id = 4,
  jsonrpc = "2.0",
  method = "textDocument/documentSymbol",
  params = {
    textDocument = {
      uri = "file:///home/turip/dotfiles/init.lua"
    }
  }
}
[20:46:57.131][info] [#0:script/workspace/loading.lua:88]: Skip loaded file: file:///home/turip/.local/share/nvim/mason/packages/lua-language-server/libexec/meta/Lua%205.4%20en-us%20utf8/debug.lua
[20:46:57.131][info] [#0:script/workspace/loading.lua:112]: ++++As library of:	file:///home/turip/.local/share/nvim/mason/packages/lua-language-server/libexec/meta/Lua%205.4%20en-us%20utf8/debug.lua
[20:46:57.131][info] [#0:script/workspace/loading.lua:88]: Skip loaded file: file:///home/turip/.local/share/nvim/mason/packages/lua-language-server/libexec/meta/Lua%205.4%20en-us%20utf8/math.lua
[20:46:57.131][info] [#0:script/workspace/loading.lua:112]: ++++As library of:	file:///home/turip/.local/share/nvim/mason/packages/lua-language-server/libexec/meta/Lua%205.4%20en-us%20utf8/math.lua
[20:46:57.131][info] [#0:script/workspace/loading.lua:88]: Skip loaded file: file:///home/turip/.local/share/nvim/mason/packages/lua-language-server/libexec/meta/Lua%205.4%20en-us%20utf8/string.lua
[20:46:57.131][info] [#0:script/workspace/loading.lua:112]: ++++As library of:	file:///home/turip/.local/share/nvim/mason/packages/lua-language-server/libexec/meta/Lua%205.4%20en-us%20utf8/string.lua
[20:46:57.131][info] [#0:script/workspace/loading.lua:88]: Skip loaded file: file:///home/turip/.local/share/nvim/mason/packages/lua-language-server/libexec/meta/Lua%205.4%20en-us%20utf8/basic.lua
[20:46:57.131][info] [#0:script/workspace/loading.lua:112]: ++++As library of:	file:///home/turip/.local/share/nvim/mason/packages/lua-language-server/libexec/meta/Lua%205.4%20en-us%20utf8/basic.lua
[20:46:57.131][info] [#0:script/workspace/loading.lua:88]: Skip loaded file: file:///home/turip/.local/share/nvim/mason/packages/lua-language-server/libexec/meta/Lua%205.4%20en-us%20utf8/package.lua
[20:46:57.131][info] [#0:script/workspace/loading.lua:112]: ++++As library of:	file:///home/turip/.local/share/nvim/mason/packages/lua-language-server/libexec/meta/Lua%205.4%20en-us%20utf8/package.lua
[20:46:57.131][info] [#0:script/workspace/loading.lua:88]: Skip loaded file: file:///home/turip/.local/share/nvim/mason/packages/lua-language-server/libexec/meta/Lua%205.4%20en-us%20utf8/table.lua
[20:46:57.131][info] [#0:script/workspace/loading.lua:112]: ++++As library of:	file:///home/turip/.local/share/nvim/mason/packages/lua-language-server/libexec/meta/Lua%205.4%20en-us%20utf8/table.lua
[20:46:57.131][info] [#0:script/workspace/loading.lua:88]: Skip loaded file: file:///home/turip/.local/share/nvim/mason/packages/lua-language-server/libexec/meta/Lua%205.4%20en-us%20utf8/coroutine.lua
[20:46:57.131][info] [#0:script/workspace/loading.lua:112]: ++++As library of:	file:///home/turip/.local/share/nvim/mason/packages/lua-language-server/libexec/meta/Lua%205.4%20en-us%20utf8/coroutine.lua
[20:46:57.131][info] [#0:script/workspace/loading.lua:172]: Loaded files takes [0.016] sec: <fallback>
[20:46:57.131][info] [#0:script/workspace/loading.lua:181]: Compile files takes [0.000] sec: <fallback>
[20:46:57.131][info] [#0:script/workspace/loading.lua:182]: Loaded finish:	<fallback>
[20:46:57.131][info] [#0:script/workspace/workspace.lua:389]: Preload finish at:	<fallback>
[20:46:57.524][info] [#0:script/provider/provider.lua:176]: Server shutdown.
[20:46:57.524][info] [#0:script/provider/provider.lua:176]: Server shutdown.
[20:46:57.524][warn] [#0:script/pub/report.lua:24]: Load proto error:	Disconnected!
