[14:02:40.952][info] [#0:/home/turip/dotfiles/.local/share/nvim/mason/packages/lua-language-server/libexec/main.lua:71]: Lua Lsp startup, root: 	/home/turip/dotfiles/.local/share/nvim/mason/packages/lua-language-server/libexec
[14:02:40.952][info] [#0:/home/turip/dotfiles/.local/share/nvim/mason/packages/lua-language-server/libexec/main.lua:72]: ROOT:	/home/turip/dotfiles/.local/share/nvim/mason/packages/lua-language-server/libexec
[14:02:40.952][info] [#0:/home/turip/dotfiles/.local/share/nvim/mason/packages/lua-language-server/libexec/main.lua:73]: LOGPATH:	/home/turip/dotfiles/.local/share/nvim/mason/packages/lua-language-server/libexec/log
[14:02:40.952][info] [#0:/home/turip/dotfiles/.local/share/nvim/mason/packages/lua-language-server/libexec/main.lua:74]: METAPATH:	/home/turip/dotfiles/.local/share/nvim/mason/packages/lua-language-server/libexec/meta
[14:02:40.953][info] [#0:/home/turip/dotfiles/.local/share/nvim/mason/packages/lua-language-server/libexec/main.lua:75]: VERSION:	3.17.1
[14:02:41.015][info] [#0:script/proto/proto.lua:260]: Listen Mode: stdio
[14:02:41.015][info] [#0:script/service/service.lua:145]: 
========= Medical Examination Report =========
    --------------- Memory ---------------
        Total: 1.916 MB
        # 00 : 1.916 MB
        # 01 : 0.000 MB
        # 02 : 0.000 MB
        # 03 : 0.000 MB
        # 04 : 0.000 MB
    --------------- Coroutine ---------------
        Total:     0
        Running:   0
        Suspended: 0
        Normal:    0
        Dead:      0
    --------------- Cache ---------------
        Total: 1
        Dead:  0
    ---------------  RPC  ---------------
        Holdon:   0
        Waiting:  0
==============================================
[14:02:41.023][error][#0:script/pub/pub.lua:281]: Brave is dead!: [string "package.path  = "/home/turip/dotfiles/.local/..."]:9: module 'brave.log' not found:
	no field package.preload['brave.log']
	no file '/home/turip/dotfiles/.local/share/nvim/mason/packages/lua-language-server/libexec/script/brave/log.lua'
	no file '/home/turip/dotfiles/.local/share/nvim/mason/packages/lua-language-server/libexec/script/brave/log/init.lua'
	no file '/home/turip/dotfiles/.local/share/nvim/mason/packages/lua-language-server/libexec/bin/brave/log.so'
	no file '/home/turip/dotfiles/.local/share/nvim/mason/packages/lua-language-server/libexec/bin/brave.so'
stack traceback:
	[C]: in global 'require'
	[string "package.path  = "/home/turip/dotfiles/.local/..."]:9: in main chunk
	[C]: in ?
stack traceback:
	script/pub/pub.lua:281: in field 'checkDead'
	script/pub/pub.lua:286: in field 'step'
	script/service/service.lua:173: in local 'doSomething'
	script/service/service.lua:199: in field 'eventLoop'
	script/service/service.lua:287: in field 'start'
	...nvim/mason/packages/lua-language-server/libexec/main.lua:85: in main chunk
	(main.lua):85: in main chunk
	(bootstrap.lua):17: in main chunk
	[C]: in ?
[14:02:41.023][error][#0:script/pub/pub.lua:281]: Brave is dead!: [string "package.path  = "/home/turip/dotfiles/.local/..."]:9: module 'brave.log' not found:
	no field package.preload['brave.log']
	no file '/home/turip/dotfiles/.local/share/nvim/mason/packages/lua-language-server/libexec/script/brave/log.lua'
	no file '/home/turip/dotfiles/.local/share/nvim/mason/packages/lua-language-server/libexec/script/brave/log/init.lua'
	no file '/home/turip/dotfiles/.local/share/nvim/mason/packages/lua-language-server/libexec/bin/brave/log.so'
	no file '/home/turip/dotfiles/.local/share/nvim/mason/packages/lua-language-server/libexec/bin/brave.so'
stack traceback:
	[C]: in global 'require'
	[string "package.path  = "/home/turip/dotfiles/.local/..."]:9: in main chunk
	[C]: in ?
stack traceback:
	script/pub/pub.lua:281: in field 'checkDead'
	script/pub/pub.lua:286: in field 'step'
	script/service/service.lua:173: in local 'doSomething'
	script/service/service.lua:199: in field 'eventLoop'
	script/service/service.lua:287: in field 'start'
	...nvim/mason/packages/lua-language-server/libexec/main.lua:85: in main chunk
	(main.lua):85: in main chunk
	(bootstrap.lua):17: in main chunk
	[C]: in ?
[14:02:41.023][error][#0:script/pub/pub.lua:281]: Brave is dead!: [string "package.path  = "/home/turip/dotfiles/.local/..."]:9: module 'brave.log' not found:
	no field package.preload['brave.log']
	no file '/home/turip/dotfiles/.local/share/nvim/mason/packages/lua-language-server/libexec/script/brave/log.lua'
	no file '/home/turip/dotfiles/.local/share/nvim/mason/packages/lua-language-server/libexec/script/brave/log/init.lua'
	no file '/home/turip/dotfiles/.local/share/nvim/mason/packages/lua-language-server/libexec/bin/brave/log.so'
	no file '/home/turip/dotfiles/.local/share/nvim/mason/packages/lua-language-server/libexec/bin/brave.so'
stack traceback:
	[C]: in global 'require'
	[string "package.path  = "/home/turip/dotfiles/.local/..."]:9: in main chunk
	[C]: in ?
stack traceback:
	script/pub/pub.lua:281: in field 'checkDead'
	script/pub/pub.lua:286: in field 'step'
	script/service/service.lua:173: in local 'doSomething'
	script/service/service.lua:199: in field 'eventLoop'
	script/service/service.lua:287: in field 'start'
	...nvim/mason/packages/lua-language-server/libexec/main.lua:85: in main chunk
	(main.lua):85: in main chunk
	(bootstrap.lua):17: in main chunk
	[C]: in ?
[14:02:41.023][error][#0:script/pub/pub.lua:281]: Brave is dead!: [string "package.path  = "/home/turip/dotfiles/.local/..."]:9: module 'brave.log' not found:
	no field package.preload['brave.log']
	no file '/home/turip/dotfiles/.local/share/nvim/mason/packages/lua-language-server/libexec/script/brave/log.lua'
	no file '/home/turip/dotfiles/.local/share/nvim/mason/packages/lua-language-server/libexec/script/brave/log/init.lua'
	no file '/home/turip/dotfiles/.local/share/nvim/mason/packages/lua-language-server/libexec/bin/brave/log.so'
	no file '/home/turip/dotfiles/.local/share/nvim/mason/packages/lua-language-server/libexec/bin/brave.so'
stack traceback:
	[C]: in global 'require'
	[string "package.path  = "/home/turip/dotfiles/.local/..."]:9: in main chunk
	[C]: in ?
stack traceback:
	script/pub/pub.lua:281: in field 'checkDead'
	script/pub/pub.lua:286: in field 'step'
	script/service/service.lua:173: in local 'doSomething'
	script/service/service.lua:199: in field 'eventLoop'
	script/service/service.lua:287: in field 'start'
	...nvim/mason/packages/lua-language-server/libexec/main.lua:85: in main chunk
	(main.lua):85: in main chunk
	(bootstrap.lua):17: in main chunk
	[C]: in ?
